Loading training data
Loading test data
Run train epoch 0
Train Epoch: 0 [0/750 (0%)]	Loss: 433.337769	Prediction Loss: 433.293427	Recon Loss: 0.044328	Final Pred Loss: 669.890991	Final Recon Loss: 1473.906494
Run test epoch 0

Test set: Whole test loss: 1.1038, Prediction loss: 1.0856, Recon loss: 0.0182, Final pred loss: 2.0983, Final recon loss: 604.7972

Best loss = 606.8954564746944
Run train epoch 1
Train Epoch: 1 [0/750 (0%)]	Loss: 1.259287	Prediction Loss: 1.238275	Recon Loss: 0.021012	Final Pred Loss: 2.403519	Final Recon Loss: 699.402527
Run test epoch 1

Test set: Whole test loss: 0.5109, Prediction loss: 0.4927, Recon loss: 0.0182, Final pred loss: 0.8918, Final recon loss: 604.7755

Best loss = 605.6673398701816
Run train epoch 2
Train Epoch: 2 [0/750 (0%)]	Loss: 0.507683	Prediction Loss: 0.496035	Recon Loss: 0.011648	Final Pred Loss: 0.966855	Final Recon Loss: 386.660431
Run test epoch 2

Test set: Whole test loss: 0.0520, Prediction loss: 0.0338, Recon loss: 0.0182, Final pred loss: 0.0475, Final recon loss: 604.7973

Best loss = 604.8448666504682
Run train epoch 3
Train Epoch: 3 [0/750 (0%)]	Loss: 0.044622	Prediction Loss: 0.024837	Recon Loss: 0.019784	Final Pred Loss: 0.023786	Final Recon Loss: 657.979797
Run test epoch 3

Test set: Whole test loss: 0.3847, Prediction loss: 0.3665, Recon loss: 0.0182, Final pred loss: 0.4156, Final recon loss: 604.7859

Run train epoch 4
Train Epoch: 4 [0/750 (0%)]	Loss: 0.317860	Prediction Loss: 0.299562	Recon Loss: 0.018298	Final Pred Loss: 0.265203	Final Recon Loss: 608.882385
Run test epoch 4

Test set: Whole test loss: 0.0747, Prediction loss: 0.0565, Recon loss: 0.0182, Final pred loss: 0.0336, Final recon loss: 604.7771

Best loss = 604.8106705284666
Run train epoch 5
Train Epoch: 5 [0/750 (0%)]	Loss: 0.026741	Prediction Loss: 0.015765	Recon Loss: 0.010976	Final Pred Loss: 0.011114	Final Recon Loss: 365.860199
Run test epoch 5

Test set: Whole test loss: 0.0713, Prediction loss: 0.0531, Recon loss: 0.0182, Final pred loss: 0.0731, Final recon loss: 604.7872

Run train epoch 6
Train Epoch: 6 [0/750 (0%)]	Loss: 0.025105	Prediction Loss: 0.015728	Recon Loss: 0.009378	Final Pred Loss: 0.014183	Final Recon Loss: 311.295563
Run test epoch 6

Test set: Whole test loss: 0.0484, Prediction loss: 0.0302, Recon loss: 0.0182, Final pred loss: 0.0340, Final recon loss: 604.7806

Run train epoch 7
Train Epoch: 7 [0/750 (0%)]	Loss: 0.124647	Prediction Loss: 0.085074	Recon Loss: 0.039573	Final Pred Loss: 0.039174	Final Recon Loss: 1318.236328
Run test epoch 7

Test set: Whole test loss: 0.1670, Prediction loss: 0.1488, Recon loss: 0.0182, Final pred loss: 0.1200, Final recon loss: 604.7800

Run train epoch 8
Train Epoch: 8 [0/750 (0%)]	Loss: 0.084766	Prediction Loss: 0.065737	Recon Loss: 0.019029	Final Pred Loss: 0.077122	Final Recon Loss: 633.625610
Run test epoch 8

Test set: Whole test loss: 0.0803, Prediction loss: 0.0621, Recon loss: 0.0182, Final pred loss: 0.0930, Final recon loss: 604.7812

Run train epoch 9
Train Epoch: 9 [0/750 (0%)]	Loss: 0.069012	Prediction Loss: 0.048213	Recon Loss: 0.020800	Final Pred Loss: 0.076968	Final Recon Loss: 692.651367
Run test epoch 9

Test set: Whole test loss: 0.0476, Prediction loss: 0.0294, Recon loss: 0.0182, Final pred loss: 0.0313, Final recon loss: 604.7741

Best loss = 604.8053992096577
Run train epoch 10
Train Epoch: 10 [0/750 (0%)]	Loss: 0.021430	Prediction Loss: 0.013768	Recon Loss: 0.007663	Final Pred Loss: 0.019921	Final Recon Loss: 255.197052
Run test epoch 10

Test set: Whole test loss: 0.0515, Prediction loss: 0.0333, Recon loss: 0.0182, Final pred loss: 0.0351, Final recon loss: 604.7727

Run train epoch 11
Train Epoch: 11 [0/750 (0%)]	Loss: 0.027539	Prediction Loss: 0.023432	Recon Loss: 0.004107	Final Pred Loss: 0.036074	Final Recon Loss: 136.601791
Run test epoch 11

Test set: Whole test loss: 0.0574, Prediction loss: 0.0393, Recon loss: 0.0181, Final pred loss: 0.0345, Final recon loss: 604.7738

Run train epoch 12
Train Epoch: 12 [0/750 (0%)]	Loss: 0.022136	Prediction Loss: 0.017368	Recon Loss: 0.004769	Final Pred Loss: 0.014928	Final Recon Loss: 158.907043
Run test epoch 12

Test set: Whole test loss: 0.0610, Prediction loss: 0.0428, Recon loss: 0.0181, Final pred loss: 0.0373, Final recon loss: 604.7729

Run train epoch 13
Train Epoch: 13 [0/750 (0%)]	Loss: 0.045151	Prediction Loss: 0.024967	Recon Loss: 0.020184	Final Pred Loss: 0.027890	Final Recon Loss: 672.804871
Run test epoch 13

Test set: Whole test loss: 0.0415, Prediction loss: 0.0233, Recon loss: 0.0182, Final pred loss: 0.0286, Final recon loss: 604.7758

Best loss = 604.804373053143
Run train epoch 14
Train Epoch: 14 [0/750 (0%)]	Loss: 0.025678	Prediction Loss: 0.008194	Recon Loss: 0.017484	Final Pred Loss: 0.004337	Final Recon Loss: 582.011963
Run test epoch 14

Test set: Whole test loss: 0.0436, Prediction loss: 0.0254, Recon loss: 0.0181, Final pred loss: 0.0248, Final recon loss: 604.7719

Best loss = 604.7966975132346
Run train epoch 15
Train Epoch: 15 [0/750 (0%)]	Loss: 0.101644	Prediction Loss: 0.075762	Recon Loss: 0.025882	Final Pred Loss: 0.076572	Final Recon Loss: 862.734802
Run test epoch 15

Test set: Whole test loss: 0.0381, Prediction loss: 0.0200, Recon loss: 0.0181, Final pred loss: 0.0241, Final recon loss: 604.7737

Run train epoch 16
Train Epoch: 16 [0/750 (0%)]	Loss: 0.029636	Prediction Loss: 0.003478	Recon Loss: 0.026158	Final Pred Loss: 0.001538	Final Recon Loss: 871.947144
Run test epoch 16

Test set: Whole test loss: 0.0382, Prediction loss: 0.0200, Recon loss: 0.0181, Final pred loss: 0.0250, Final recon loss: 604.7740

Run train epoch 17
Train Epoch: 17 [0/750 (0%)]	Loss: 0.029426	Prediction Loss: 0.023883	Recon Loss: 0.005543	Final Pred Loss: 0.018986	Final Recon Loss: 184.762848
Run test epoch 17

Test set: Whole test loss: 0.0373, Prediction loss: 0.0192, Recon loss: 0.0181, Final pred loss: 0.0233, Final recon loss: 604.7719

Best loss = 604.795263703744
Run train epoch 18
Train Epoch: 18 [0/750 (0%)]	Loss: 0.019411	Prediction Loss: 0.004344	Recon Loss: 0.015067	Final Pred Loss: 0.004875	Final Recon Loss: 502.233124
Run test epoch 18

Test set: Whole test loss: 0.0402, Prediction loss: 0.0221, Recon loss: 0.0182, Final pred loss: 0.0288, Final recon loss: 604.7710

Run train epoch 19
Train Epoch: 19 [0/750 (0%)]	Loss: 0.026179	Prediction Loss: 0.010961	Recon Loss: 0.015218	Final Pred Loss: 0.016789	Final Recon Loss: 506.899384
Run test epoch 19

Test set: Whole test loss: 0.0357, Prediction loss: 0.0176, Recon loss: 0.0181, Final pred loss: 0.0202, Final recon loss: 604.7724

Best loss = 604.792654180797
Run train epoch 20
Train Epoch: 20 [0/750 (0%)]	Loss: 0.039562	Prediction Loss: 0.005185	Recon Loss: 0.034377	Final Pred Loss: 0.006392	Final Recon Loss: 1145.911377
Run test epoch 20

Test set: Whole test loss: 0.0361, Prediction loss: 0.0180, Recon loss: 0.0182, Final pred loss: 0.0205, Final recon loss: 604.7630

Best loss = 604.7835325189827
Run train epoch 21
Train Epoch: 21 [0/750 (0%)]	Loss: 0.015595	Prediction Loss: 0.006277	Recon Loss: 0.009318	Final Pred Loss: 0.010088	Final Recon Loss: 309.938232
Run test epoch 21

Test set: Whole test loss: 0.0369, Prediction loss: 0.0187, Recon loss: 0.0181, Final pred loss: 0.0223, Final recon loss: 604.7740

Run train epoch 22
Train Epoch: 22 [0/750 (0%)]	Loss: 0.041454	Prediction Loss: 0.037800	Recon Loss: 0.003654	Final Pred Loss: 0.041110	Final Recon Loss: 121.812462
Run test epoch 22

Test set: Whole test loss: 0.0378, Prediction loss: 0.0197, Recon loss: 0.0182, Final pred loss: 0.0240, Final recon loss: 604.7781

Run train epoch 23
Train Epoch: 23 [0/750 (0%)]	Loss: 0.027733	Prediction Loss: 0.019473	Recon Loss: 0.008261	Final Pred Loss: 0.017439	Final Recon Loss: 274.999603
Run test epoch 23

Test set: Whole test loss: 0.0370, Prediction loss: 0.0188, Recon loss: 0.0181, Final pred loss: 0.0218, Final recon loss: 604.7739

Run train epoch 24
Train Epoch: 24 [0/750 (0%)]	Loss: 0.045719	Prediction Loss: 0.023535	Recon Loss: 0.022184	Final Pred Loss: 0.027982	Final Recon Loss: 738.901245
Run test epoch 24

Test set: Whole test loss: 0.0346, Prediction loss: 0.0165, Recon loss: 0.0181, Final pred loss: 0.0179, Final recon loss: 604.7767

Run train epoch 25
Train Epoch: 25 [0/750 (0%)]	Loss: 0.017493	Prediction Loss: 0.005443	Recon Loss: 0.012050	Final Pred Loss: 0.005836	Final Recon Loss: 401.650696
Run test epoch 25

Test set: Whole test loss: 0.0368, Prediction loss: 0.0186, Recon loss: 0.0181, Final pred loss: 0.0219, Final recon loss: 604.7741

Run train epoch 26
Train Epoch: 26 [0/750 (0%)]	Loss: 0.014666	Prediction Loss: 0.009017	Recon Loss: 0.005649	Final Pred Loss: 0.005619	Final Recon Loss: 188.006287
Run test epoch 26

Test set: Whole test loss: 0.0416, Prediction loss: 0.0235, Recon loss: 0.0181, Final pred loss: 0.0304, Final recon loss: 604.7756

Run train epoch 27
Train Epoch: 27 [0/750 (0%)]	Loss: 0.037489	Prediction Loss: 0.016508	Recon Loss: 0.020981	Final Pred Loss: 0.014406	Final Recon Loss: 699.369995
Run test epoch 27

Test set: Whole test loss: 0.0345, Prediction loss: 0.0163, Recon loss: 0.0181, Final pred loss: 0.0177, Final recon loss: 604.7726

Run train epoch 28
Train Epoch: 28 [0/750 (0%)]	Loss: 0.031922	Prediction Loss: 0.008509	Recon Loss: 0.023413	Final Pred Loss: 0.008575	Final Recon Loss: 780.447205
Run test epoch 28

Test set: Whole test loss: 0.0350, Prediction loss: 0.0169, Recon loss: 0.0181, Final pred loss: 0.0183, Final recon loss: 604.7732

Run train epoch 29
Train Epoch: 29 [0/750 (0%)]	Loss: 0.058356	Prediction Loss: 0.034487	Recon Loss: 0.023869	Final Pred Loss: 0.035813	Final Recon Loss: 795.629761
Run test epoch 29

Test set: Whole test loss: 0.0344, Prediction loss: 0.0163, Recon loss: 0.0181, Final pred loss: 0.0171, Final recon loss: 604.7724

Run train epoch 30
Train Epoch: 30 [0/750 (0%)]	Loss: 0.022653	Prediction Loss: 0.007820	Recon Loss: 0.014834	Final Pred Loss: 0.007462	Final Recon Loss: 494.453400
Run test epoch 30

Test set: Whole test loss: 0.0342, Prediction loss: 0.0161, Recon loss: 0.0181, Final pred loss: 0.0166, Final recon loss: 604.7726

Run train epoch 31
Train Epoch: 31 [0/750 (0%)]	Loss: 0.027379	Prediction Loss: 0.016872	Recon Loss: 0.010506	Final Pred Loss: 0.015763	Final Recon Loss: 350.204620
Run test epoch 31

Test set: Whole test loss: 0.0337, Prediction loss: 0.0156, Recon loss: 0.0181, Final pred loss: 0.0158, Final recon loss: 604.7721

Run train epoch 32
Train Epoch: 32 [0/750 (0%)]	Loss: 0.045455	Prediction Loss: 0.005302	Recon Loss: 0.040153	Final Pred Loss: 0.005103	Final Recon Loss: 1338.421143
Run test epoch 32

Test set: Whole test loss: 0.0355, Prediction loss: 0.0174, Recon loss: 0.0181, Final pred loss: 0.0198, Final recon loss: 604.7727

Run train epoch 33
Train Epoch: 33 [0/750 (0%)]	Loss: 0.039942	Prediction Loss: 0.015733	Recon Loss: 0.024209	Final Pred Loss: 0.016933	Final Recon Loss: 806.918152
Run test epoch 33

Test set: Whole test loss: 0.0353, Prediction loss: 0.0172, Recon loss: 0.0181, Final pred loss: 0.0185, Final recon loss: 604.7720

Run train epoch 34
Train Epoch: 34 [0/750 (0%)]	Loss: 0.039779	Prediction Loss: 0.014297	Recon Loss: 0.025482	Final Pred Loss: 0.012635	Final Recon Loss: 849.393066
Run test epoch 34

Test set: Whole test loss: 0.0345, Prediction loss: 0.0164, Recon loss: 0.0181, Final pred loss: 0.0172, Final recon loss: 604.7733

Run train epoch 35
Train Epoch: 35 [0/750 (0%)]	Loss: 0.029749	Prediction Loss: 0.008599	Recon Loss: 0.021150	Final Pred Loss: 0.006102	Final Recon Loss: 705.009766
Run test epoch 35

Test set: Whole test loss: 0.0345, Prediction loss: 0.0164, Recon loss: 0.0181, Final pred loss: 0.0176, Final recon loss: 604.7722

Run train epoch 36
Train Epoch: 36 [0/750 (0%)]	Loss: 0.050404	Prediction Loss: 0.032858	Recon Loss: 0.017546	Final Pred Loss: 0.031583	Final Recon Loss: 584.879761
Run test epoch 36

Test set: Whole test loss: 0.0345, Prediction loss: 0.0163, Recon loss: 0.0181, Final pred loss: 0.0175, Final recon loss: 604.7721

Run train epoch 37
Train Epoch: 37 [0/750 (0%)]	Loss: 0.032828	Prediction Loss: 0.017222	Recon Loss: 0.015605	Final Pred Loss: 0.014095	Final Recon Loss: 520.178711
Run test epoch 37

Test set: Whole test loss: 0.0342, Prediction loss: 0.0161, Recon loss: 0.0181, Final pred loss: 0.0170, Final recon loss: 604.7733

Run train epoch 38
Train Epoch: 38 [0/750 (0%)]	Loss: 0.060552	Prediction Loss: 0.043314	Recon Loss: 0.017239	Final Pred Loss: 0.042877	Final Recon Loss: 574.602051
Run test epoch 38

Test set: Whole test loss: 0.0385, Prediction loss: 0.0204, Recon loss: 0.0181, Final pred loss: 0.0236, Final recon loss: 604.7723

Run train epoch 39
Train Epoch: 39 [0/750 (0%)]	Loss: 0.027218	Prediction Loss: 0.004859	Recon Loss: 0.022359	Final Pred Loss: 0.003181	Final Recon Loss: 745.298279
Run test epoch 39

Test set: Whole test loss: 0.0358, Prediction loss: 0.0176, Recon loss: 0.0181, Final pred loss: 0.0204, Final recon loss: 604.7721

Run train epoch 40
Train Epoch: 40 [0/750 (0%)]	Loss: 0.012944	Prediction Loss: 0.002538	Recon Loss: 0.010406	Final Pred Loss: 0.001648	Final Recon Loss: 346.866913
Run test epoch 40

Test set: Whole test loss: 0.0349, Prediction loss: 0.0168, Recon loss: 0.0181, Final pred loss: 0.0186, Final recon loss: 604.7720

Run train epoch 41
Train Epoch: 41 [0/750 (0%)]	Loss: 0.024304	Prediction Loss: 0.009545	Recon Loss: 0.014759	Final Pred Loss: 0.013121	Final Recon Loss: 491.983215
Run test epoch 41

Test set: Whole test loss: 0.0352, Prediction loss: 0.0171, Recon loss: 0.0181, Final pred loss: 0.0191, Final recon loss: 604.7721

Run train epoch 42
Train Epoch: 42 [0/750 (0%)]	Loss: 0.040762	Prediction Loss: 0.022853	Recon Loss: 0.017909	Final Pred Loss: 0.017299	Final Recon Loss: 596.966919
Run test epoch 42

Test set: Whole test loss: 0.0349, Prediction loss: 0.0167, Recon loss: 0.0181, Final pred loss: 0.0184, Final recon loss: 604.7736

Run train epoch 43
Train Epoch: 43 [0/750 (0%)]	Loss: 0.016959	Prediction Loss: 0.005990	Recon Loss: 0.010969	Final Pred Loss: 0.007954	Final Recon Loss: 365.618652
Run test epoch 43

Test set: Whole test loss: 0.0381, Prediction loss: 0.0199, Recon loss: 0.0181, Final pred loss: 0.0211, Final recon loss: 604.7725

Run train epoch 44
Train Epoch: 44 [0/750 (0%)]	Loss: 0.025089	Prediction Loss: 0.004954	Recon Loss: 0.020135	Final Pred Loss: 0.003532	Final Recon Loss: 671.160339
Run test epoch 44

Test set: Whole test loss: 0.0351, Prediction loss: 0.0170, Recon loss: 0.0181, Final pred loss: 0.0191, Final recon loss: 604.7736

Run train epoch 45
Train Epoch: 45 [0/750 (0%)]	Loss: 0.029477	Prediction Loss: 0.021497	Recon Loss: 0.007980	Final Pred Loss: 0.023914	Final Recon Loss: 265.994965
Run test epoch 45

Test set: Whole test loss: 0.0373, Prediction loss: 0.0191, Recon loss: 0.0182, Final pred loss: 0.0232, Final recon loss: 604.7738

Run train epoch 46
Train Epoch: 46 [0/750 (0%)]	Loss: 0.061018	Prediction Loss: 0.045258	Recon Loss: 0.015760	Final Pred Loss: 0.037347	Final Recon Loss: 524.067749
Run test epoch 46

Test set: Whole test loss: 0.0352, Prediction loss: 0.0171, Recon loss: 0.0181, Final pred loss: 0.0188, Final recon loss: 604.7730

Run train epoch 47
Train Epoch: 47 [0/750 (0%)]	Loss: 0.076655	Prediction Loss: 0.016281	Recon Loss: 0.060374	Final Pred Loss: 0.015571	Final Recon Loss: 2012.451782
Run test epoch 47

Test set: Whole test loss: 0.0342, Prediction loss: 0.0160, Recon loss: 0.0181, Final pred loss: 0.0168, Final recon loss: 604.7737

Run train epoch 48
Train Epoch: 48 [0/750 (0%)]	Loss: 0.036847	Prediction Loss: 0.015447	Recon Loss: 0.021400	Final Pred Loss: 0.010725	Final Recon Loss: 713.332703
Run test epoch 48

Test set: Whole test loss: 0.0356, Prediction loss: 0.0175, Recon loss: 0.0181, Final pred loss: 0.0199, Final recon loss: 604.7728

Run train epoch 49
Train Epoch: 49 [0/750 (0%)]	Loss: 0.028469	Prediction Loss: 0.008848	Recon Loss: 0.019621	Final Pred Loss: 0.008826	Final Recon Loss: 654.030823
Run test epoch 49

Test set: Whole test loss: 0.0348, Prediction loss: 0.0166, Recon loss: 0.0181, Final pred loss: 0.0183, Final recon loss: 604.7724

Run train epoch 50
Train Epoch: 50 [0/750 (0%)]	Loss: 0.028501	Prediction Loss: 0.011623	Recon Loss: 0.016878	Final Pred Loss: 0.012358	Final Recon Loss: 562.603821
Run test epoch 50

Test set: Whole test loss: 0.0342, Prediction loss: 0.0161, Recon loss: 0.0181, Final pred loss: 0.0170, Final recon loss: 604.7732

Run train epoch 51
Train Epoch: 51 [0/750 (0%)]	Loss: 0.015147	Prediction Loss: 0.008911	Recon Loss: 0.006236	Final Pred Loss: 0.008860	Final Recon Loss: 207.874252
Run test epoch 51

Test set: Whole test loss: 0.0352, Prediction loss: 0.0171, Recon loss: 0.0181, Final pred loss: 0.0193, Final recon loss: 604.7732

Run train epoch 52
Train Epoch: 52 [0/750 (0%)]	Loss: 0.023519	Prediction Loss: 0.002739	Recon Loss: 0.020781	Final Pred Loss: 0.002507	Final Recon Loss: 692.691956
Run test epoch 52

Test set: Whole test loss: 0.0352, Prediction loss: 0.0171, Recon loss: 0.0181, Final pred loss: 0.0192, Final recon loss: 604.7731

Run train epoch 53
Train Epoch: 53 [0/750 (0%)]	Loss: 0.064002	Prediction Loss: 0.022166	Recon Loss: 0.041836	Final Pred Loss: 0.016623	Final Recon Loss: 1394.526367
Run test epoch 53

Test set: Whole test loss: 0.0344, Prediction loss: 0.0162, Recon loss: 0.0181, Final pred loss: 0.0174, Final recon loss: 604.7728

Run train epoch 54
Train Epoch: 54 [0/750 (0%)]	Loss: 0.011271	Prediction Loss: 0.006127	Recon Loss: 0.005144	Final Pred Loss: 0.004812	Final Recon Loss: 171.477951
Run test epoch 54

Test set: Whole test loss: 0.0347, Prediction loss: 0.0165, Recon loss: 0.0181, Final pred loss: 0.0181, Final recon loss: 604.7732

Run train epoch 55
Train Epoch: 55 [0/750 (0%)]	Loss: 0.021973	Prediction Loss: 0.003168	Recon Loss: 0.018804	Final Pred Loss: 0.001655	Final Recon Loss: 626.812622
Run test epoch 55

Test set: Whole test loss: 0.0341, Prediction loss: 0.0160, Recon loss: 0.0181, Final pred loss: 0.0169, Final recon loss: 604.7724

Run train epoch 56
Train Epoch: 56 [0/750 (0%)]	Loss: 0.040499	Prediction Loss: 0.034242	Recon Loss: 0.006256	Final Pred Loss: 0.036906	Final Recon Loss: 208.548889
Run test epoch 56

Test set: Whole test loss: 0.0337, Prediction loss: 0.0156, Recon loss: 0.0181, Final pred loss: 0.0150, Final recon loss: 604.7723

Run train epoch 57
Train Epoch: 57 [0/750 (0%)]	Loss: 0.031141	Prediction Loss: 0.022496	Recon Loss: 0.008645	Final Pred Loss: 0.019336	Final Recon Loss: 288.175140
Run test epoch 57

Test set: Whole test loss: 0.0336, Prediction loss: 0.0155, Recon loss: 0.0181, Final pred loss: 0.0157, Final recon loss: 604.7723

Run train epoch 58
Train Epoch: 58 [0/750 (0%)]	Loss: 0.011956	Prediction Loss: 0.005095	Recon Loss: 0.006861	Final Pred Loss: 0.004787	Final Recon Loss: 228.702301
Run test epoch 58

Test set: Whole test loss: 0.0339, Prediction loss: 0.0157, Recon loss: 0.0181, Final pred loss: 0.0163, Final recon loss: 604.7723

Run train epoch 59
Train Epoch: 59 [0/750 (0%)]	Loss: 0.022328	Prediction Loss: 0.007812	Recon Loss: 0.014517	Final Pred Loss: 0.005925	Final Recon Loss: 483.887848
Run test epoch 59

Test set: Whole test loss: 0.0340, Prediction loss: 0.0158, Recon loss: 0.0181, Final pred loss: 0.0166, Final recon loss: 604.7723

Run train epoch 60
Train Epoch: 60 [0/750 (0%)]	Loss: 0.025666	Prediction Loss: 0.004896	Recon Loss: 0.020771	Final Pred Loss: 0.004653	Final Recon Loss: 692.359924
Run test epoch 60

Test set: Whole test loss: 0.0362, Prediction loss: 0.0181, Recon loss: 0.0181, Final pred loss: 0.0212, Final recon loss: 604.7723

Run train epoch 61
Train Epoch: 61 [0/750 (0%)]	Loss: 0.028178	Prediction Loss: 0.011273	Recon Loss: 0.016905	Final Pred Loss: 0.004534	Final Recon Loss: 563.498169
Run test epoch 61

Test set: Whole test loss: 0.0336, Prediction loss: 0.0155, Recon loss: 0.0181, Final pred loss: 0.0156, Final recon loss: 604.7723

Run train epoch 62
Train Epoch: 62 [0/750 (0%)]	Loss: 0.028046	Prediction Loss: 0.022980	Recon Loss: 0.005066	Final Pred Loss: 0.017520	Final Recon Loss: 168.862106
Run test epoch 62

Test set: Whole test loss: 0.0337, Prediction loss: 0.0156, Recon loss: 0.0181, Final pred loss: 0.0157, Final recon loss: 604.7723

Run train epoch 63
Train Epoch: 63 [0/750 (0%)]	Loss: 0.017475	Prediction Loss: 0.009339	Recon Loss: 0.008136	Final Pred Loss: 0.009864	Final Recon Loss: 271.197571
Run test epoch 63

Test set: Whole test loss: 0.0342, Prediction loss: 0.0160, Recon loss: 0.0181, Final pred loss: 0.0171, Final recon loss: 604.7723

Run train epoch 64
Train Epoch: 64 [0/750 (0%)]	Loss: 0.020090	Prediction Loss: 0.007964	Recon Loss: 0.012127	Final Pred Loss: 0.011974	Final Recon Loss: 404.217438
Run test epoch 64

Test set: Whole test loss: 0.0343, Prediction loss: 0.0162, Recon loss: 0.0181, Final pred loss: 0.0173, Final recon loss: 604.7722

Run train epoch 65
Train Epoch: 65 [0/750 (0%)]	Loss: 0.012403	Prediction Loss: 0.004004	Recon Loss: 0.008398	Final Pred Loss: 0.002420	Final Recon Loss: 279.937134
Run test epoch 65

Test set: Whole test loss: 0.0336, Prediction loss: 0.0154, Recon loss: 0.0181, Final pred loss: 0.0153, Final recon loss: 604.7723

Run train epoch 66
Train Epoch: 66 [0/750 (0%)]	Loss: 0.066002	Prediction Loss: 0.034763	Recon Loss: 0.031239	Final Pred Loss: 0.030788	Final Recon Loss: 1041.301880
Run test epoch 66

Test set: Whole test loss: 0.0336, Prediction loss: 0.0154, Recon loss: 0.0181, Final pred loss: 0.0154, Final recon loss: 604.7722

Run train epoch 67
Train Epoch: 67 [0/750 (0%)]	Loss: 0.022038	Prediction Loss: 0.011587	Recon Loss: 0.010451	Final Pred Loss: 0.015138	Final Recon Loss: 348.367126
Run test epoch 67

Test set: Whole test loss: 0.0336, Prediction loss: 0.0155, Recon loss: 0.0181, Final pred loss: 0.0156, Final recon loss: 604.7723

Run train epoch 68
Train Epoch: 68 [0/750 (0%)]	Loss: 0.048638	Prediction Loss: 0.008130	Recon Loss: 0.040508	Final Pred Loss: 0.007400	Final Recon Loss: 1350.268555
Run test epoch 68

Test set: Whole test loss: 0.0337, Prediction loss: 0.0156, Recon loss: 0.0181, Final pred loss: 0.0158, Final recon loss: 604.7722

Run train epoch 69
Train Epoch: 69 [0/750 (0%)]	Loss: 0.024675	Prediction Loss: 0.005232	Recon Loss: 0.019443	Final Pred Loss: 0.004507	Final Recon Loss: 648.112549
Run test epoch 69

Test set: Whole test loss: 0.0338, Prediction loss: 0.0156, Recon loss: 0.0181, Final pred loss: 0.0160, Final recon loss: 604.7723

Run train epoch 70
Train Epoch: 70 [0/750 (0%)]	Loss: 0.032784	Prediction Loss: 0.005546	Recon Loss: 0.027238	Final Pred Loss: 0.003894	Final Recon Loss: 907.928040
Run test epoch 70

Test set: Whole test loss: 0.0342, Prediction loss: 0.0160, Recon loss: 0.0181, Final pred loss: 0.0170, Final recon loss: 604.7723

Run train epoch 71
Train Epoch: 71 [0/750 (0%)]	Loss: 0.012948	Prediction Loss: 0.004529	Recon Loss: 0.008418	Final Pred Loss: 0.004545	Final Recon Loss: 280.616455
Run test epoch 71

Test set: Whole test loss: 0.0348, Prediction loss: 0.0167, Recon loss: 0.0181, Final pred loss: 0.0185, Final recon loss: 604.7723

Run train epoch 72
Train Epoch: 72 [0/750 (0%)]	Loss: 0.039910	Prediction Loss: 0.003614	Recon Loss: 0.036296	Final Pred Loss: 0.005921	Final Recon Loss: 1209.881470
Run test epoch 72

Test set: Whole test loss: 0.0343, Prediction loss: 0.0161, Recon loss: 0.0181, Final pred loss: 0.0173, Final recon loss: 604.7723

Run train epoch 73
Train Epoch: 73 [0/750 (0%)]	Loss: 0.024084	Prediction Loss: 0.008968	Recon Loss: 0.015116	Final Pred Loss: 0.007120	Final Recon Loss: 503.857361
Run test epoch 73

Test set: Whole test loss: 0.0337, Prediction loss: 0.0156, Recon loss: 0.0181, Final pred loss: 0.0159, Final recon loss: 604.7723

Run train epoch 74
Train Epoch: 74 [0/750 (0%)]	Loss: 0.054823	Prediction Loss: 0.030621	Recon Loss: 0.024202	Final Pred Loss: 0.030326	Final Recon Loss: 806.718323
Run test epoch 74

Test set: Whole test loss: 0.0339, Prediction loss: 0.0158, Recon loss: 0.0181, Final pred loss: 0.0165, Final recon loss: 604.7723

Run train epoch 75
Train Epoch: 75 [0/750 (0%)]	Loss: 0.046846	Prediction Loss: 0.021508	Recon Loss: 0.025338	Final Pred Loss: 0.020141	Final Recon Loss: 844.583374
Run test epoch 75

Test set: Whole test loss: 0.0335, Prediction loss: 0.0154, Recon loss: 0.0181, Final pred loss: 0.0151, Final recon loss: 604.7723

Run train epoch 76
Train Epoch: 76 [0/750 (0%)]	Loss: 0.025103	Prediction Loss: 0.012108	Recon Loss: 0.012995	Final Pred Loss: 0.009051	Final Recon Loss: 433.181122
Run test epoch 76

Test set: Whole test loss: 0.0348, Prediction loss: 0.0167, Recon loss: 0.0181, Final pred loss: 0.0185, Final recon loss: 604.7722

Run train epoch 77
Train Epoch: 77 [0/750 (0%)]	Loss: 0.031212	Prediction Loss: 0.011509	Recon Loss: 0.019703	Final Pred Loss: 0.007032	Final Recon Loss: 656.771790
Run test epoch 77

Test set: Whole test loss: 0.0335, Prediction loss: 0.0154, Recon loss: 0.0181, Final pred loss: 0.0151, Final recon loss: 604.7723

Run train epoch 78
Train Epoch: 78 [0/750 (0%)]	Loss: 0.040220	Prediction Loss: 0.029881	Recon Loss: 0.010339	Final Pred Loss: 0.028314	Final Recon Loss: 344.618011
Run test epoch 78

Test set: Whole test loss: 0.0335, Prediction loss: 0.0154, Recon loss: 0.0181, Final pred loss: 0.0152, Final recon loss: 604.7723

Run train epoch 79
Train Epoch: 79 [0/750 (0%)]	Loss: 0.032896	Prediction Loss: 0.015539	Recon Loss: 0.017357	Final Pred Loss: 0.016335	Final Recon Loss: 578.566467
Run test epoch 79

Test set: Whole test loss: 0.0338, Prediction loss: 0.0157, Recon loss: 0.0181, Final pred loss: 0.0161, Final recon loss: 604.7723

Run train epoch 80
Train Epoch: 80 [0/750 (0%)]	Loss: 0.015492	Prediction Loss: 0.008080	Recon Loss: 0.007412	Final Pred Loss: 0.007264	Final Recon Loss: 247.061920
Run test epoch 80

Test set: Whole test loss: 0.0338, Prediction loss: 0.0157, Recon loss: 0.0181, Final pred loss: 0.0161, Final recon loss: 604.7723

Run train epoch 81
Train Epoch: 81 [0/750 (0%)]	Loss: 0.016318	Prediction Loss: 0.013910	Recon Loss: 0.002408	Final Pred Loss: 0.010728	Final Recon Loss: 80.256073
Run test epoch 81

Test set: Whole test loss: 0.0341, Prediction loss: 0.0160, Recon loss: 0.0181, Final pred loss: 0.0169, Final recon loss: 604.7723

Run train epoch 82
Train Epoch: 82 [0/750 (0%)]	Loss: 0.023782	Prediction Loss: 0.017517	Recon Loss: 0.006264	Final Pred Loss: 0.014349	Final Recon Loss: 208.816238
Run test epoch 82

Test set: Whole test loss: 0.0348, Prediction loss: 0.0166, Recon loss: 0.0181, Final pred loss: 0.0184, Final recon loss: 604.7722

Run train epoch 83
Train Epoch: 83 [0/750 (0%)]	Loss: 0.054038	Prediction Loss: 0.011122	Recon Loss: 0.042916	Final Pred Loss: 0.014741	Final Recon Loss: 1430.531616
Run test epoch 83

Test set: Whole test loss: 0.0339, Prediction loss: 0.0158, Recon loss: 0.0181, Final pred loss: 0.0165, Final recon loss: 604.7722

Run train epoch 84
Train Epoch: 84 [0/750 (0%)]	Loss: 0.010580	Prediction Loss: 0.005304	Recon Loss: 0.005275	Final Pred Loss: 0.003207	Final Recon Loss: 175.849686
Run test epoch 84

Test set: Whole test loss: 0.0345, Prediction loss: 0.0164, Recon loss: 0.0181, Final pred loss: 0.0178, Final recon loss: 604.7723

Run train epoch 85
Train Epoch: 85 [0/750 (0%)]	Loss: 0.014772	Prediction Loss: 0.003992	Recon Loss: 0.010780	Final Pred Loss: 0.000933	Final Recon Loss: 359.334076
Run test epoch 85

Test set: Whole test loss: 0.0339, Prediction loss: 0.0158, Recon loss: 0.0181, Final pred loss: 0.0164, Final recon loss: 604.7722

Run train epoch 86
Train Epoch: 86 [0/750 (0%)]	Loss: 0.038021	Prediction Loss: 0.024981	Recon Loss: 0.013040	Final Pred Loss: 0.019159	Final Recon Loss: 434.660919
Run test epoch 86

Test set: Whole test loss: 0.0335, Prediction loss: 0.0154, Recon loss: 0.0181, Final pred loss: 0.0150, Final recon loss: 604.7723

Run train epoch 87
Train Epoch: 87 [0/750 (0%)]	Loss: 0.054238	Prediction Loss: 0.021554	Recon Loss: 0.032684	Final Pred Loss: 0.017454	Final Recon Loss: 1089.461670
Run test epoch 87

Test set: Whole test loss: 0.0342, Prediction loss: 0.0161, Recon loss: 0.0181, Final pred loss: 0.0171, Final recon loss: 604.7722

Run train epoch 88
Train Epoch: 88 [0/750 (0%)]	Loss: 0.009501	Prediction Loss: 0.007231	Recon Loss: 0.002270	Final Pred Loss: 0.006605	Final Recon Loss: 75.650391
Run test epoch 88

Test set: Whole test loss: 0.0336, Prediction loss: 0.0154, Recon loss: 0.0181, Final pred loss: 0.0153, Final recon loss: 604.7722

Run train epoch 89
Train Epoch: 89 [0/750 (0%)]	Loss: 0.015894	Prediction Loss: 0.010541	Recon Loss: 0.005352	Final Pred Loss: 0.009447	Final Recon Loss: 178.409943
Run test epoch 89

Test set: Whole test loss: 0.0336, Prediction loss: 0.0155, Recon loss: 0.0181, Final pred loss: 0.0154, Final recon loss: 604.7723

Run train epoch 90
Train Epoch: 90 [0/750 (0%)]	Loss: 0.030765	Prediction Loss: 0.008140	Recon Loss: 0.022625	Final Pred Loss: 0.007907	Final Recon Loss: 754.154480
Run test epoch 90

Test set: Whole test loss: 0.0338, Prediction loss: 0.0157, Recon loss: 0.0181, Final pred loss: 0.0161, Final recon loss: 604.7722

Run train epoch 91
Train Epoch: 91 [0/750 (0%)]	Loss: 0.034097	Prediction Loss: 0.012872	Recon Loss: 0.021225	Final Pred Loss: 0.011399	Final Recon Loss: 707.503540
Run test epoch 91

Test set: Whole test loss: 0.0349, Prediction loss: 0.0167, Recon loss: 0.0181, Final pred loss: 0.0186, Final recon loss: 604.7722

Run train epoch 92
Train Epoch: 92 [0/750 (0%)]	Loss: 0.034716	Prediction Loss: 0.012025	Recon Loss: 0.022691	Final Pred Loss: 0.007588	Final Recon Loss: 756.370789
Run test epoch 92

Test set: Whole test loss: 0.0336, Prediction loss: 0.0155, Recon loss: 0.0181, Final pred loss: 0.0156, Final recon loss: 604.7722

Run train epoch 93
Train Epoch: 93 [0/750 (0%)]	Loss: 0.007262	Prediction Loss: 0.004036	Recon Loss: 0.003226	Final Pred Loss: 0.002137	Final Recon Loss: 107.534981
Run test epoch 93

Test set: Whole test loss: 0.0338, Prediction loss: 0.0156, Recon loss: 0.0181, Final pred loss: 0.0160, Final recon loss: 604.7722

Run train epoch 94
Train Epoch: 94 [0/750 (0%)]	Loss: 0.105056	Prediction Loss: 0.091664	Recon Loss: 0.013392	Final Pred Loss: 0.096545	Final Recon Loss: 446.404602
Run test epoch 94

Test set: Whole test loss: 0.0336, Prediction loss: 0.0154, Recon loss: 0.0181, Final pred loss: 0.0149, Final recon loss: 604.7723

Run train epoch 95
Train Epoch: 95 [0/750 (0%)]	Loss: 0.008675	Prediction Loss: 0.004699	Recon Loss: 0.003976	Final Pred Loss: 0.004159	Final Recon Loss: 132.544174
Run test epoch 95

Test set: Whole test loss: 0.0342, Prediction loss: 0.0160, Recon loss: 0.0181, Final pred loss: 0.0170, Final recon loss: 604.7722

Run train epoch 96
Train Epoch: 96 [0/750 (0%)]	Loss: 0.014656	Prediction Loss: 0.006603	Recon Loss: 0.008053	Final Pred Loss: 0.009074	Final Recon Loss: 268.431793
Run test epoch 96

Test set: Whole test loss: 0.0338, Prediction loss: 0.0157, Recon loss: 0.0181, Final pred loss: 0.0162, Final recon loss: 604.7722

Run train epoch 97
Train Epoch: 97 [0/750 (0%)]	Loss: 0.034138	Prediction Loss: 0.018810	Recon Loss: 0.015328	Final Pred Loss: 0.016775	Final Recon Loss: 510.943481
Run test epoch 97

Test set: Whole test loss: 0.0339, Prediction loss: 0.0157, Recon loss: 0.0181, Final pred loss: 0.0163, Final recon loss: 604.7722

Run train epoch 98
Train Epoch: 98 [0/750 (0%)]	Loss: 0.035128	Prediction Loss: 0.027447	Recon Loss: 0.007681	Final Pred Loss: 0.025034	Final Recon Loss: 256.038147
Run test epoch 98

Test set: Whole test loss: 0.0342, Prediction loss: 0.0161, Recon loss: 0.0181, Final pred loss: 0.0172, Final recon loss: 604.7723

Run train epoch 99
Train Epoch: 99 [0/750 (0%)]	Loss: 0.027471	Prediction Loss: 0.008771	Recon Loss: 0.018701	Final Pred Loss: 0.005211	Final Recon Loss: 623.352112
Run test epoch 99

Test set: Whole test loss: 0.0337, Prediction loss: 0.0156, Recon loss: 0.0181, Final pred loss: 0.0158, Final recon loss: 604.7722

Run train epoch 100
Train Epoch: 100 [0/750 (0%)]	Loss: 0.037373	Prediction Loss: 0.031508	Recon Loss: 0.005865	Final Pred Loss: 0.030432	Final Recon Loss: 195.505814
Run test epoch 100

Test set: Whole test loss: 0.0345, Prediction loss: 0.0164, Recon loss: 0.0181, Final pred loss: 0.0178, Final recon loss: 604.7722

Run train epoch 101
Train Epoch: 101 [0/750 (0%)]	Loss: 0.061267	Prediction Loss: 0.042020	Recon Loss: 0.019247	Final Pred Loss: 0.039809	Final Recon Loss: 641.582397
Run test epoch 101

Test set: Whole test loss: 0.0343, Prediction loss: 0.0161, Recon loss: 0.0181, Final pred loss: 0.0173, Final recon loss: 604.7722

Run train epoch 102
Train Epoch: 102 [0/750 (0%)]	Loss: 0.031401	Prediction Loss: 0.011714	Recon Loss: 0.019687	Final Pred Loss: 0.014534	Final Recon Loss: 656.217957
Run test epoch 102

Test set: Whole test loss: 0.0339, Prediction loss: 0.0158, Recon loss: 0.0181, Final pred loss: 0.0164, Final recon loss: 604.7723

Run train epoch 103
Train Epoch: 103 [0/750 (0%)]	Loss: 0.030473	Prediction Loss: 0.008443	Recon Loss: 0.022029	Final Pred Loss: 0.010612	Final Recon Loss: 734.312988
Run test epoch 103

Test set: Whole test loss: 0.0338, Prediction loss: 0.0157, Recon loss: 0.0181, Final pred loss: 0.0162, Final recon loss: 604.7722

Run train epoch 104
Train Epoch: 104 [0/750 (0%)]	Loss: 0.035631	Prediction Loss: 0.007630	Recon Loss: 0.028001	Final Pred Loss: 0.004343	Final Recon Loss: 933.371033
Run test epoch 104

Test set: Whole test loss: 0.0337, Prediction loss: 0.0155, Recon loss: 0.0181, Final pred loss: 0.0157, Final recon loss: 604.7722

Run train epoch 105
Train Epoch: 105 [0/750 (0%)]	Loss: 0.028464	Prediction Loss: 0.014508	Recon Loss: 0.013956	Final Pred Loss: 0.010937	Final Recon Loss: 465.190277
Run test epoch 105

Test set: Whole test loss: 0.0340, Prediction loss: 0.0159, Recon loss: 0.0181, Final pred loss: 0.0167, Final recon loss: 604.7722

Run train epoch 106
Train Epoch: 106 [0/750 (0%)]	Loss: 0.039102	Prediction Loss: 0.021383	Recon Loss: 0.017720	Final Pred Loss: 0.017813	Final Recon Loss: 590.664490
Run test epoch 106

Test set: Whole test loss: 0.0339, Prediction loss: 0.0158, Recon loss: 0.0181, Final pred loss: 0.0164, Final recon loss: 604.7722

Run train epoch 107
Train Epoch: 107 [0/750 (0%)]	Loss: 0.022568	Prediction Loss: 0.015687	Recon Loss: 0.006881	Final Pred Loss: 0.013361	Final Recon Loss: 229.356796
Run test epoch 107

Test set: Whole test loss: 0.0337, Prediction loss: 0.0156, Recon loss: 0.0181, Final pred loss: 0.0159, Final recon loss: 604.7722

Run train epoch 108
Train Epoch: 108 [0/750 (0%)]	Loss: 0.040900	Prediction Loss: 0.010496	Recon Loss: 0.030405	Final Pred Loss: 0.009271	Final Recon Loss: 1013.483521
Run test epoch 108

Test set: Whole test loss: 0.0339, Prediction loss: 0.0157, Recon loss: 0.0181, Final pred loss: 0.0163, Final recon loss: 604.7722

Run train epoch 109
Train Epoch: 109 [0/750 (0%)]	Loss: 0.036057	Prediction Loss: 0.028547	Recon Loss: 0.007510	Final Pred Loss: 0.025575	Final Recon Loss: 250.336365
Run test epoch 109

Test set: Whole test loss: 0.0338, Prediction loss: 0.0157, Recon loss: 0.0181, Final pred loss: 0.0161, Final recon loss: 604.7722

Run train epoch 110
Train Epoch: 110 [0/750 (0%)]	Loss: 0.019303	Prediction Loss: 0.007377	Recon Loss: 0.011926	Final Pred Loss: 0.006130	Final Recon Loss: 397.520660
Run test epoch 110

Test set: Whole test loss: 0.0344, Prediction loss: 0.0162, Recon loss: 0.0181, Final pred loss: 0.0175, Final recon loss: 604.7722

Run train epoch 111
Train Epoch: 111 [0/750 (0%)]	Loss: 0.040640	Prediction Loss: 0.012796	Recon Loss: 0.027844	Final Pred Loss: 0.016053	Final Recon Loss: 928.121643
Run test epoch 111

Test set: Whole test loss: 0.0337, Prediction loss: 0.0155, Recon loss: 0.0181, Final pred loss: 0.0157, Final recon loss: 604.7722

Run train epoch 112
Train Epoch: 112 [0/750 (0%)]	Loss: 0.041083	Prediction Loss: 0.023927	Recon Loss: 0.017157	Final Pred Loss: 0.022234	Final Recon Loss: 571.890625
Run test epoch 112

Test set: Whole test loss: 0.0337, Prediction loss: 0.0156, Recon loss: 0.0181, Final pred loss: 0.0158, Final recon loss: 604.7722

Run train epoch 113
Train Epoch: 113 [0/750 (0%)]	Loss: 0.039879	Prediction Loss: 0.021175	Recon Loss: 0.018705	Final Pred Loss: 0.017022	Final Recon Loss: 623.484192
Run test epoch 113

Test set: Whole test loss: 0.0339, Prediction loss: 0.0158, Recon loss: 0.0181, Final pred loss: 0.0165, Final recon loss: 604.7723

Run train epoch 114
Train Epoch: 114 [0/750 (0%)]	Loss: 0.022279	Prediction Loss: 0.009248	Recon Loss: 0.013031	Final Pred Loss: 0.008138	Final Recon Loss: 434.371521
Run test epoch 114

Test set: Whole test loss: 0.0336, Prediction loss: 0.0154, Recon loss: 0.0181, Final pred loss: 0.0153, Final recon loss: 604.7722

Run train epoch 115
Train Epoch: 115 [0/750 (0%)]	Loss: 0.028918	Prediction Loss: 0.016742	Recon Loss: 0.012177	Final Pred Loss: 0.012384	Final Recon Loss: 405.886780
Run test epoch 115

Test set: Whole test loss: 0.0343, Prediction loss: 0.0162, Recon loss: 0.0181, Final pred loss: 0.0174, Final recon loss: 604.7722

Run train epoch 116
Train Epoch: 116 [0/750 (0%)]	Loss: 0.053304	Prediction Loss: 0.014154	Recon Loss: 0.039150	Final Pred Loss: 0.018856	Final Recon Loss: 1304.996460
Run test epoch 116

Test set: Whole test loss: 0.0336, Prediction loss: 0.0155, Recon loss: 0.0181, Final pred loss: 0.0157, Final recon loss: 604.7723

Run train epoch 117
Train Epoch: 117 [0/750 (0%)]	Loss: 0.032156	Prediction Loss: 0.014526	Recon Loss: 0.017629	Final Pred Loss: 0.013950	Final Recon Loss: 587.644836
Run test epoch 117

Test set: Whole test loss: 0.0337, Prediction loss: 0.0155, Recon loss: 0.0181, Final pred loss: 0.0157, Final recon loss: 604.7722

Run train epoch 118
Train Epoch: 118 [0/750 (0%)]	Loss: 0.025571	Prediction Loss: 0.003279	Recon Loss: 0.022291	Final Pred Loss: 0.003259	Final Recon Loss: 743.047852
Run test epoch 118

Test set: Whole test loss: 0.0344, Prediction loss: 0.0163, Recon loss: 0.0181, Final pred loss: 0.0176, Final recon loss: 604.7722

Run train epoch 119
Train Epoch: 119 [0/750 (0%)]	Loss: 0.043596	Prediction Loss: 0.015784	Recon Loss: 0.027811	Final Pred Loss: 0.012369	Final Recon Loss: 927.037659
Run test epoch 119

Test set: Whole test loss: 0.0335, Prediction loss: 0.0154, Recon loss: 0.0181, Final pred loss: 0.0152, Final recon loss: 604.7722

Run train epoch 120
Train Epoch: 120 [0/750 (0%)]	Loss: 0.039529	Prediction Loss: 0.011463	Recon Loss: 0.028066	Final Pred Loss: 0.008041	Final Recon Loss: 935.522095
Run test epoch 120

Test set: Whole test loss: 0.0336, Prediction loss: 0.0155, Recon loss: 0.0181, Final pred loss: 0.0155, Final recon loss: 604.7722

Run train epoch 121
Train Epoch: 121 [0/750 (0%)]	Loss: 0.016797	Prediction Loss: 0.002651	Recon Loss: 0.014146	Final Pred Loss: 0.002980	Final Recon Loss: 471.524078
Run test epoch 121

Test set: Whole test loss: 0.0339, Prediction loss: 0.0158, Recon loss: 0.0181, Final pred loss: 0.0164, Final recon loss: 604.7722

Run train epoch 122
Train Epoch: 122 [0/750 (0%)]	Loss: 0.031538	Prediction Loss: 0.015085	Recon Loss: 0.016453	Final Pred Loss: 0.018056	Final Recon Loss: 548.442871
Run test epoch 122

Test set: Whole test loss: 0.0341, Prediction loss: 0.0160, Recon loss: 0.0181, Final pred loss: 0.0169, Final recon loss: 604.7722

Run train epoch 123
Train Epoch: 123 [0/750 (0%)]	Loss: 0.016571	Prediction Loss: 0.005625	Recon Loss: 0.010946	Final Pred Loss: 0.002194	Final Recon Loss: 364.877441
Run test epoch 123

Test set: Whole test loss: 0.0337, Prediction loss: 0.0155, Recon loss: 0.0181, Final pred loss: 0.0158, Final recon loss: 604.7722

Run train epoch 124
Train Epoch: 124 [0/750 (0%)]	Loss: 0.118063	Prediction Loss: 0.102013	Recon Loss: 0.016050	Final Pred Loss: 0.107189	Final Recon Loss: 534.991943
Run test epoch 124

Test set: Whole test loss: 0.0342, Prediction loss: 0.0160, Recon loss: 0.0181, Final pred loss: 0.0171, Final recon loss: 604.7722

Run train epoch 125
Train Epoch: 125 [0/750 (0%)]	Loss: 0.018266	Prediction Loss: 0.010191	Recon Loss: 0.008075	Final Pred Loss: 0.008587	Final Recon Loss: 269.152344
Run test epoch 125

Test set: Whole test loss: 0.0336, Prediction loss: 0.0155, Recon loss: 0.0181, Final pred loss: 0.0156, Final recon loss: 604.7722

Run train epoch 126
Train Epoch: 126 [0/750 (0%)]	Loss: 0.037432	Prediction Loss: 0.018267	Recon Loss: 0.019165	Final Pred Loss: 0.014040	Final Recon Loss: 638.829834
Run test epoch 126

Test set: Whole test loss: 0.0337, Prediction loss: 0.0156, Recon loss: 0.0181, Final pred loss: 0.0158, Final recon loss: 604.7722

Run train epoch 127
Train Epoch: 127 [0/750 (0%)]	Loss: 0.022934	Prediction Loss: 0.010737	Recon Loss: 0.012197	Final Pred Loss: 0.008646	Final Recon Loss: 406.578278
Run test epoch 127

Test set: Whole test loss: 0.0339, Prediction loss: 0.0158, Recon loss: 0.0181, Final pred loss: 0.0164, Final recon loss: 604.7722

Run train epoch 128
Train Epoch: 128 [0/750 (0%)]	Loss: 0.036200	Prediction Loss: 0.013315	Recon Loss: 0.022884	Final Pred Loss: 0.012184	Final Recon Loss: 762.808533
Run test epoch 128

Test set: Whole test loss: 0.0340, Prediction loss: 0.0159, Recon loss: 0.0181, Final pred loss: 0.0167, Final recon loss: 604.7722

Run train epoch 129
Train Epoch: 129 [0/750 (0%)]	Loss: 0.021000	Prediction Loss: 0.013158	Recon Loss: 0.007841	Final Pred Loss: 0.008470	Final Recon Loss: 261.373779
Run test epoch 129

Test set: Whole test loss: 0.0337, Prediction loss: 0.0155, Recon loss: 0.0181, Final pred loss: 0.0158, Final recon loss: 604.7722

Run train epoch 130
Train Epoch: 130 [0/750 (0%)]	Loss: 0.037077	Prediction Loss: 0.017638	Recon Loss: 0.019438	Final Pred Loss: 0.016632	Final Recon Loss: 647.940247
Run test epoch 130

Test set: Whole test loss: 0.0339, Prediction loss: 0.0158, Recon loss: 0.0181, Final pred loss: 0.0164, Final recon loss: 604.7722

Run train epoch 131
Train Epoch: 131 [0/750 (0%)]	Loss: 0.028668	Prediction Loss: 0.008325	Recon Loss: 0.020343	Final Pred Loss: 0.007991	Final Recon Loss: 678.084961
Run test epoch 131

Test set: Whole test loss: 0.0337, Prediction loss: 0.0156, Recon loss: 0.0181, Final pred loss: 0.0159, Final recon loss: 604.7722

Run train epoch 132
Train Epoch: 132 [0/750 (0%)]	Loss: 0.029082	Prediction Loss: 0.011357	Recon Loss: 0.017725	Final Pred Loss: 0.008754	Final Recon Loss: 590.831665
Run test epoch 132

Test set: Whole test loss: 0.0338, Prediction loss: 0.0157, Recon loss: 0.0181, Final pred loss: 0.0162, Final recon loss: 604.7722

Run train epoch 133
Train Epoch: 133 [0/750 (0%)]	Loss: 0.015892	Prediction Loss: 0.010921	Recon Loss: 0.004972	Final Pred Loss: 0.009392	Final Recon Loss: 165.729034
Run test epoch 133

Test set: Whole test loss: 0.0337, Prediction loss: 0.0156, Recon loss: 0.0181, Final pred loss: 0.0159, Final recon loss: 604.7722

Run train epoch 134
Train Epoch: 134 [0/750 (0%)]	Loss: 0.020507	Prediction Loss: 0.011051	Recon Loss: 0.009456	Final Pred Loss: 0.011383	Final Recon Loss: 315.209534
Run test epoch 134

Test set: Whole test loss: 0.0346, Prediction loss: 0.0165, Recon loss: 0.0181, Final pred loss: 0.0180, Final recon loss: 604.7722

Run train epoch 135
Train Epoch: 135 [0/750 (0%)]	Loss: 0.080835	Prediction Loss: 0.068343	Recon Loss: 0.012492	Final Pred Loss: 0.076309	Final Recon Loss: 416.405396
Run test epoch 135

Test set: Whole test loss: 0.0337, Prediction loss: 0.0155, Recon loss: 0.0181, Final pred loss: 0.0157, Final recon loss: 604.7723

Run train epoch 136
Train Epoch: 136 [0/750 (0%)]	Loss: 0.034720	Prediction Loss: 0.016785	Recon Loss: 0.017935	Final Pred Loss: 0.014038	Final Recon Loss: 597.829956
Run test epoch 136

Test set: Whole test loss: 0.0337, Prediction loss: 0.0155, Recon loss: 0.0181, Final pred loss: 0.0157, Final recon loss: 604.7722

Run train epoch 137
Train Epoch: 137 [0/750 (0%)]	Loss: 0.025715	Prediction Loss: 0.007265	Recon Loss: 0.018450	Final Pred Loss: 0.005409	Final Recon Loss: 614.987976
Run test epoch 137

Test set: Whole test loss: 0.0341, Prediction loss: 0.0160, Recon loss: 0.0181, Final pred loss: 0.0170, Final recon loss: 604.7722

Run train epoch 138
Train Epoch: 138 [0/750 (0%)]	Loss: 0.065103	Prediction Loss: 0.033903	Recon Loss: 0.031200	Final Pred Loss: 0.027370	Final Recon Loss: 1040.014160
Run test epoch 138

Test set: Whole test loss: 0.0341, Prediction loss: 0.0160, Recon loss: 0.0181, Final pred loss: 0.0169, Final recon loss: 604.7722

Run train epoch 139
Train Epoch: 139 [0/750 (0%)]	Loss: 0.049632	Prediction Loss: 0.025476	Recon Loss: 0.024155	Final Pred Loss: 0.023824	Final Recon Loss: 805.174500
Run test epoch 139

Test set: Whole test loss: 0.0339, Prediction loss: 0.0157, Recon loss: 0.0181, Final pred loss: 0.0163, Final recon loss: 604.7722

Run train epoch 140
Train Epoch: 140 [0/750 (0%)]	Loss: 0.035033	Prediction Loss: 0.020520	Recon Loss: 0.014513	Final Pred Loss: 0.021862	Final Recon Loss: 483.752533
Run test epoch 140

Test set: Whole test loss: 0.0346, Prediction loss: 0.0164, Recon loss: 0.0181, Final pred loss: 0.0179, Final recon loss: 604.7722

Run train epoch 141
Train Epoch: 141 [0/750 (0%)]	Loss: 0.032228	Prediction Loss: 0.012224	Recon Loss: 0.020005	Final Pred Loss: 0.010102	Final Recon Loss: 666.818787
Run test epoch 141

Test set: Whole test loss: 0.0337, Prediction loss: 0.0155, Recon loss: 0.0181, Final pred loss: 0.0157, Final recon loss: 604.7722

Run train epoch 142
Train Epoch: 142 [0/750 (0%)]	Loss: 0.062996	Prediction Loss: 0.044449	Recon Loss: 0.018548	Final Pred Loss: 0.045042	Final Recon Loss: 618.251038
Run test epoch 142

Test set: Whole test loss: 0.0335, Prediction loss: 0.0154, Recon loss: 0.0181, Final pred loss: 0.0151, Final recon loss: 604.7722

Run train epoch 143
Train Epoch: 143 [0/750 (0%)]	Loss: 0.008403	Prediction Loss: 0.003316	Recon Loss: 0.005087	Final Pred Loss: 0.003695	Final Recon Loss: 169.573364
Run test epoch 143

Test set: Whole test loss: 0.0337, Prediction loss: 0.0156, Recon loss: 0.0181, Final pred loss: 0.0159, Final recon loss: 604.7722

Run train epoch 144
Train Epoch: 144 [0/750 (0%)]	Loss: 0.031889	Prediction Loss: 0.007096	Recon Loss: 0.024792	Final Pred Loss: 0.005626	Final Recon Loss: 826.405701
Run test epoch 144

Test set: Whole test loss: 0.0341, Prediction loss: 0.0160, Recon loss: 0.0181, Final pred loss: 0.0170, Final recon loss: 604.7722

Run train epoch 145
Train Epoch: 145 [0/750 (0%)]	Loss: 0.030976	Prediction Loss: 0.012815	Recon Loss: 0.018161	Final Pred Loss: 0.008497	Final Recon Loss: 605.380615
Run test epoch 145

Test set: Whole test loss: 0.0339, Prediction loss: 0.0157, Recon loss: 0.0181, Final pred loss: 0.0164, Final recon loss: 604.7722

Run train epoch 146
Train Epoch: 146 [0/750 (0%)]	Loss: 0.014725	Prediction Loss: 0.001982	Recon Loss: 0.012742	Final Pred Loss: 0.002377	Final Recon Loss: 424.745758
Run test epoch 146

Test set: Whole test loss: 0.0339, Prediction loss: 0.0157, Recon loss: 0.0181, Final pred loss: 0.0163, Final recon loss: 604.7722

Run train epoch 147
Train Epoch: 147 [0/750 (0%)]	Loss: 0.044690	Prediction Loss: 0.024752	Recon Loss: 0.019938	Final Pred Loss: 0.026838	Final Recon Loss: 664.587646
Run test epoch 147

Test set: Whole test loss: 0.0335, Prediction loss: 0.0154, Recon loss: 0.0181, Final pred loss: 0.0153, Final recon loss: 604.7722

Run train epoch 148
Train Epoch: 148 [0/750 (0%)]	Loss: 0.027290	Prediction Loss: 0.008192	Recon Loss: 0.019099	Final Pred Loss: 0.005736	Final Recon Loss: 636.619324
Run test epoch 148

Test set: Whole test loss: 0.0337, Prediction loss: 0.0155, Recon loss: 0.0181, Final pred loss: 0.0158, Final recon loss: 604.7722

Run train epoch 149
Train Epoch: 149 [0/750 (0%)]	Loss: 0.020211	Prediction Loss: 0.005187	Recon Loss: 0.015024	Final Pred Loss: 0.004493	Final Recon Loss: 500.798492
Run test epoch 149

Test set: Whole test loss: 0.0335, Prediction loss: 0.0154, Recon loss: 0.0181, Final pred loss: 0.0152, Final recon loss: 604.7722

Run train epoch 150
Train Epoch: 150 [0/750 (0%)]	Loss: 0.031575	Prediction Loss: 0.019587	Recon Loss: 0.011988	Final Pred Loss: 0.016778	Final Recon Loss: 399.589966
Run test epoch 150

Test set: Whole test loss: 0.0340, Prediction loss: 0.0158, Recon loss: 0.0181, Final pred loss: 0.0165, Final recon loss: 604.7722

Run train epoch 151
Train Epoch: 151 [0/750 (0%)]	Loss: 0.017642	Prediction Loss: 0.010275	Recon Loss: 0.007368	Final Pred Loss: 0.010679	Final Recon Loss: 245.583603
Run test epoch 151

Test set: Whole test loss: 0.0337, Prediction loss: 0.0155, Recon loss: 0.0181, Final pred loss: 0.0158, Final recon loss: 604.7722

Run train epoch 152
Train Epoch: 152 [0/750 (0%)]	Loss: 0.030492	Prediction Loss: 0.012660	Recon Loss: 0.017832	Final Pred Loss: 0.010894	Final Recon Loss: 594.390076
Run test epoch 152

Test set: Whole test loss: 0.0338, Prediction loss: 0.0156, Recon loss: 0.0181, Final pred loss: 0.0160, Final recon loss: 604.7722

Run train epoch 153
Train Epoch: 153 [0/750 (0%)]	Loss: 0.035750	Prediction Loss: 0.014126	Recon Loss: 0.021624	Final Pred Loss: 0.010890	Final Recon Loss: 720.783447
Run test epoch 153

Test set: Whole test loss: 0.0337, Prediction loss: 0.0156, Recon loss: 0.0181, Final pred loss: 0.0158, Final recon loss: 604.7722

Run train epoch 154
Train Epoch: 154 [0/750 (0%)]	Loss: 0.019617	Prediction Loss: 0.005487	Recon Loss: 0.014130	Final Pred Loss: 0.002949	Final Recon Loss: 470.995697
Run test epoch 154

Test set: Whole test loss: 0.0338, Prediction loss: 0.0157, Recon loss: 0.0181, Final pred loss: 0.0162, Final recon loss: 604.7722

Run train epoch 155
Train Epoch: 155 [0/750 (0%)]	Loss: 0.016138	Prediction Loss: 0.007557	Recon Loss: 0.008581	Final Pred Loss: 0.009661	Final Recon Loss: 286.031860
Run test epoch 155

Test set: Whole test loss: 0.0338, Prediction loss: 0.0156, Recon loss: 0.0181, Final pred loss: 0.0161, Final recon loss: 604.7722

Run train epoch 156
Train Epoch: 156 [0/750 (0%)]	Loss: 0.027976	Prediction Loss: 0.006424	Recon Loss: 0.021552	Final Pred Loss: 0.004168	Final Recon Loss: 718.387695
Run test epoch 156

Test set: Whole test loss: 0.0338, Prediction loss: 0.0157, Recon loss: 0.0181, Final pred loss: 0.0161, Final recon loss: 604.7722

Run train epoch 157
Train Epoch: 157 [0/750 (0%)]	Loss: 0.074914	Prediction Loss: 0.067346	Recon Loss: 0.007568	Final Pred Loss: 0.070179	Final Recon Loss: 252.250412
Run test epoch 157

Test set: Whole test loss: 0.0337, Prediction loss: 0.0156, Recon loss: 0.0181, Final pred loss: 0.0160, Final recon loss: 604.7722

Run train epoch 158
Train Epoch: 158 [0/750 (0%)]	Loss: 0.053085	Prediction Loss: 0.038380	Recon Loss: 0.014705	Final Pred Loss: 0.037378	Final Recon Loss: 490.170868
Run test epoch 158

Test set: Whole test loss: 0.0341, Prediction loss: 0.0159, Recon loss: 0.0181, Final pred loss: 0.0168, Final recon loss: 604.7722

Run train epoch 159
Train Epoch: 159 [0/750 (0%)]	Loss: 0.044568	Prediction Loss: 0.033193	Recon Loss: 0.011374	Final Pred Loss: 0.034838	Final Recon Loss: 379.149170
Run test epoch 159

Test set: Whole test loss: 0.0339, Prediction loss: 0.0157, Recon loss: 0.0181, Final pred loss: 0.0163, Final recon loss: 604.7722

Run train epoch 160
Train Epoch: 160 [0/750 (0%)]	Loss: 0.036997	Prediction Loss: 0.007564	Recon Loss: 0.029433	Final Pred Loss: 0.003935	Final Recon Loss: 981.111694
Run test epoch 160

Test set: Whole test loss: 0.0336, Prediction loss: 0.0155, Recon loss: 0.0181, Final pred loss: 0.0155, Final recon loss: 604.7722

Run train epoch 161
Train Epoch: 161 [0/750 (0%)]	Loss: 0.018173	Prediction Loss: 0.006712	Recon Loss: 0.011461	Final Pred Loss: 0.008053	Final Recon Loss: 382.042450
Run test epoch 161

Test set: Whole test loss: 0.0341, Prediction loss: 0.0159, Recon loss: 0.0181, Final pred loss: 0.0168, Final recon loss: 604.7722

Run train epoch 162
Train Epoch: 162 [0/750 (0%)]	Loss: 0.010845	Prediction Loss: 0.004693	Recon Loss: 0.006152	Final Pred Loss: 0.003126	Final Recon Loss: 205.076645
Run test epoch 162

Test set: Whole test loss: 0.0336, Prediction loss: 0.0155, Recon loss: 0.0181, Final pred loss: 0.0156, Final recon loss: 604.7722

Run train epoch 163
Train Epoch: 163 [0/750 (0%)]	Loss: 0.028600	Prediction Loss: 0.013621	Recon Loss: 0.014979	Final Pred Loss: 0.010123	Final Recon Loss: 499.299194
Run test epoch 163

Test set: Whole test loss: 0.0336, Prediction loss: 0.0155, Recon loss: 0.0181, Final pred loss: 0.0155, Final recon loss: 604.7722

Run train epoch 164
Train Epoch: 164 [0/750 (0%)]	Loss: 0.025516	Prediction Loss: 0.005495	Recon Loss: 0.020021	Final Pred Loss: 0.002475	Final Recon Loss: 667.370850
Run test epoch 164

Test set: Whole test loss: 0.0340, Prediction loss: 0.0159, Recon loss: 0.0181, Final pred loss: 0.0167, Final recon loss: 604.7722

Run train epoch 165
Train Epoch: 165 [0/750 (0%)]	Loss: 0.038544	Prediction Loss: 0.016771	Recon Loss: 0.021773	Final Pred Loss: 0.014302	Final Recon Loss: 725.781067
Run test epoch 165

Test set: Whole test loss: 0.0337, Prediction loss: 0.0156, Recon loss: 0.0181, Final pred loss: 0.0159, Final recon loss: 604.7722

Run train epoch 166
Train Epoch: 166 [0/750 (0%)]	Loss: 0.027465	Prediction Loss: 0.002976	Recon Loss: 0.024489	Final Pred Loss: 0.002904	Final Recon Loss: 816.314148
Run test epoch 166

Test set: Whole test loss: 0.0337, Prediction loss: 0.0156, Recon loss: 0.0181, Final pred loss: 0.0158, Final recon loss: 604.7722

Run train epoch 167
Train Epoch: 167 [0/750 (0%)]	Loss: 0.066928	Prediction Loss: 0.042191	Recon Loss: 0.024737	Final Pred Loss: 0.049759	Final Recon Loss: 824.553711
Run test epoch 167

Test set: Whole test loss: 0.0338, Prediction loss: 0.0156, Recon loss: 0.0181, Final pred loss: 0.0161, Final recon loss: 604.7722

Run train epoch 168
Train Epoch: 168 [0/750 (0%)]	Loss: 0.014174	Prediction Loss: 0.003111	Recon Loss: 0.011062	Final Pred Loss: 0.001011	Final Recon Loss: 368.744171
Run test epoch 168

Test set: Whole test loss: 0.0339, Prediction loss: 0.0158, Recon loss: 0.0181, Final pred loss: 0.0164, Final recon loss: 604.7722

Run train epoch 169
Train Epoch: 169 [0/750 (0%)]	Loss: 0.036322	Prediction Loss: 0.018930	Recon Loss: 0.017393	Final Pred Loss: 0.022119	Final Recon Loss: 579.756531
Run test epoch 169

Test set: Whole test loss: 0.0337, Prediction loss: 0.0156, Recon loss: 0.0181, Final pred loss: 0.0158, Final recon loss: 604.7722

Run train epoch 170
Train Epoch: 170 [0/750 (0%)]	Loss: 0.037107	Prediction Loss: 0.017707	Recon Loss: 0.019400	Final Pred Loss: 0.020103	Final Recon Loss: 646.675537
Run test epoch 170

Test set: Whole test loss: 0.0341, Prediction loss: 0.0159, Recon loss: 0.0181, Final pred loss: 0.0168, Final recon loss: 604.7722

Run train epoch 171
Train Epoch: 171 [0/750 (0%)]	Loss: 0.049785	Prediction Loss: 0.036486	Recon Loss: 0.013300	Final Pred Loss: 0.042633	Final Recon Loss: 443.316742
Run test epoch 171

Test set: Whole test loss: 0.0339, Prediction loss: 0.0157, Recon loss: 0.0181, Final pred loss: 0.0163, Final recon loss: 604.7722

Run train epoch 172
Train Epoch: 172 [0/750 (0%)]	Loss: 0.023798	Prediction Loss: 0.005210	Recon Loss: 0.018588	Final Pred Loss: 0.005117	Final Recon Loss: 619.615845
Run test epoch 172

Test set: Whole test loss: 0.0338, Prediction loss: 0.0157, Recon loss: 0.0181, Final pred loss: 0.0161, Final recon loss: 604.7722

Run train epoch 173
Train Epoch: 173 [0/750 (0%)]	Loss: 0.044585	Prediction Loss: 0.027270	Recon Loss: 0.017315	Final Pred Loss: 0.024325	Final Recon Loss: 577.158081
Run test epoch 173

Test set: Whole test loss: 0.0337, Prediction loss: 0.0155, Recon loss: 0.0181, Final pred loss: 0.0158, Final recon loss: 604.7722

Run train epoch 174
Train Epoch: 174 [0/750 (0%)]	Loss: 0.037189	Prediction Loss: 0.015107	Recon Loss: 0.022082	Final Pred Loss: 0.013971	Final Recon Loss: 736.062622
Run test epoch 174

Test set: Whole test loss: 0.0336, Prediction loss: 0.0155, Recon loss: 0.0181, Final pred loss: 0.0156, Final recon loss: 604.7722

Run train epoch 175
Train Epoch: 175 [0/750 (0%)]	Loss: 0.033646	Prediction Loss: 0.028336	Recon Loss: 0.005310	Final Pred Loss: 0.033117	Final Recon Loss: 176.989624
Run test epoch 175

Test set: Whole test loss: 0.0338, Prediction loss: 0.0156, Recon loss: 0.0181, Final pred loss: 0.0160, Final recon loss: 604.7722

Run train epoch 176
Train Epoch: 176 [0/750 (0%)]	Loss: 0.010767	Prediction Loss: 0.003340	Recon Loss: 0.007427	Final Pred Loss: 0.001233	Final Recon Loss: 247.552536
Run test epoch 176

Test set: Whole test loss: 0.0338, Prediction loss: 0.0157, Recon loss: 0.0181, Final pred loss: 0.0161, Final recon loss: 604.7722

Run train epoch 177
Train Epoch: 177 [0/750 (0%)]	Loss: 0.026201	Prediction Loss: 0.008245	Recon Loss: 0.017956	Final Pred Loss: 0.003823	Final Recon Loss: 598.528687
Run test epoch 177

Test set: Whole test loss: 0.0339, Prediction loss: 0.0158, Recon loss: 0.0181, Final pred loss: 0.0165, Final recon loss: 604.7722

Run train epoch 178
Train Epoch: 178 [0/750 (0%)]	Loss: 0.022023	Prediction Loss: 0.014363	Recon Loss: 0.007660	Final Pred Loss: 0.011491	Final Recon Loss: 255.318527
Run test epoch 178

Test set: Whole test loss: 0.0337, Prediction loss: 0.0156, Recon loss: 0.0181, Final pred loss: 0.0160, Final recon loss: 604.7722

Run train epoch 179
Train Epoch: 179 [0/750 (0%)]	Loss: 0.040539	Prediction Loss: 0.029055	Recon Loss: 0.011484	Final Pred Loss: 0.024896	Final Recon Loss: 382.814423
Run test epoch 179

Test set: Whole test loss: 0.0339, Prediction loss: 0.0158, Recon loss: 0.0181, Final pred loss: 0.0165, Final recon loss: 604.7722

Run train epoch 180
Train Epoch: 180 [0/750 (0%)]	Loss: 0.046328	Prediction Loss: 0.024271	Recon Loss: 0.022057	Final Pred Loss: 0.024163	Final Recon Loss: 735.226074
Run test epoch 180

Test set: Whole test loss: 0.0338, Prediction loss: 0.0157, Recon loss: 0.0181, Final pred loss: 0.0163, Final recon loss: 604.7722

Run train epoch 181
Train Epoch: 181 [0/750 (0%)]	Loss: 0.059311	Prediction Loss: 0.036884	Recon Loss: 0.022427	Final Pred Loss: 0.035121	Final Recon Loss: 747.577820
Run test epoch 181

Test set: Whole test loss: 0.0338, Prediction loss: 0.0157, Recon loss: 0.0181, Final pred loss: 0.0162, Final recon loss: 604.7722

Run train epoch 182
Train Epoch: 182 [0/750 (0%)]	Loss: 0.078080	Prediction Loss: 0.025674	Recon Loss: 0.052406	Final Pred Loss: 0.018662	Final Recon Loss: 1746.869263
Run test epoch 182

Test set: Whole test loss: 0.0337, Prediction loss: 0.0156, Recon loss: 0.0181, Final pred loss: 0.0159, Final recon loss: 604.7722

Run train epoch 183
Train Epoch: 183 [0/750 (0%)]	Loss: 0.035596	Prediction Loss: 0.012134	Recon Loss: 0.023463	Final Pred Loss: 0.016532	Final Recon Loss: 782.089844
Run test epoch 183

Test set: Whole test loss: 0.0338, Prediction loss: 0.0156, Recon loss: 0.0181, Final pred loss: 0.0160, Final recon loss: 604.7722

Run train epoch 184
Train Epoch: 184 [0/750 (0%)]	Loss: 0.471570	Prediction Loss: 0.450492	Recon Loss: 0.021078	Final Pred Loss: 0.465306	Final Recon Loss: 702.592468
Run test epoch 184

Test set: Whole test loss: 0.0339, Prediction loss: 0.0157, Recon loss: 0.0181, Final pred loss: 0.0163, Final recon loss: 604.7722

Run train epoch 185
Train Epoch: 185 [0/750 (0%)]	Loss: 0.025087	Prediction Loss: 0.014907	Recon Loss: 0.010180	Final Pred Loss: 0.017323	Final Recon Loss: 339.326996
Run test epoch 185

Test set: Whole test loss: 0.0338, Prediction loss: 0.0157, Recon loss: 0.0181, Final pred loss: 0.0162, Final recon loss: 604.7722

Run train epoch 186
Train Epoch: 186 [0/750 (0%)]	Loss: 0.011541	Prediction Loss: 0.006784	Recon Loss: 0.004757	Final Pred Loss: 0.003965	Final Recon Loss: 158.577591
Run test epoch 186

Test set: Whole test loss: 0.0340, Prediction loss: 0.0159, Recon loss: 0.0181, Final pred loss: 0.0167, Final recon loss: 604.7722

Run train epoch 187
Train Epoch: 187 [0/750 (0%)]	Loss: 0.041057	Prediction Loss: 0.018282	Recon Loss: 0.022776	Final Pred Loss: 0.011766	Final Recon Loss: 759.195923
Run test epoch 187

Test set: Whole test loss: 0.0339, Prediction loss: 0.0158, Recon loss: 0.0181, Final pred loss: 0.0165, Final recon loss: 604.7722

Run train epoch 188
Train Epoch: 188 [0/750 (0%)]	Loss: 0.019731	Prediction Loss: 0.006880	Recon Loss: 0.012851	Final Pred Loss: 0.008845	Final Recon Loss: 428.357880
Run test epoch 188

Test set: Whole test loss: 0.0339, Prediction loss: 0.0158, Recon loss: 0.0181, Final pred loss: 0.0165, Final recon loss: 604.7722

Run train epoch 189
Train Epoch: 189 [0/750 (0%)]	Loss: 0.050102	Prediction Loss: 0.030876	Recon Loss: 0.019226	Final Pred Loss: 0.030295	Final Recon Loss: 640.869873
Run test epoch 189

Test set: Whole test loss: 0.0338, Prediction loss: 0.0157, Recon loss: 0.0181, Final pred loss: 0.0162, Final recon loss: 604.7722

Run train epoch 190
Train Epoch: 190 [0/750 (0%)]	Loss: 0.011360	Prediction Loss: 0.004511	Recon Loss: 0.006850	Final Pred Loss: 0.003347	Final Recon Loss: 228.319092
Run test epoch 190

Test set: Whole test loss: 0.0338, Prediction loss: 0.0156, Recon loss: 0.0181, Final pred loss: 0.0161, Final recon loss: 604.7722

Run train epoch 191
Train Epoch: 191 [0/750 (0%)]	Loss: 0.018409	Prediction Loss: 0.004412	Recon Loss: 0.013996	Final Pred Loss: 0.005541	Final Recon Loss: 466.540009
Run test epoch 191

Test set: Whole test loss: 0.0338, Prediction loss: 0.0156, Recon loss: 0.0181, Final pred loss: 0.0161, Final recon loss: 604.7722

Run train epoch 192
Train Epoch: 192 [0/750 (0%)]	Loss: 0.020562	Prediction Loss: 0.005740	Recon Loss: 0.014822	Final Pred Loss: 0.003957	Final Recon Loss: 494.056671
Run test epoch 192

Test set: Whole test loss: 0.0338, Prediction loss: 0.0156, Recon loss: 0.0181, Final pred loss: 0.0161, Final recon loss: 604.7722

Run train epoch 193
Train Epoch: 193 [0/750 (0%)]	Loss: 0.018485	Prediction Loss: 0.009034	Recon Loss: 0.009452	Final Pred Loss: 0.007441	Final Recon Loss: 315.053955
Run test epoch 193

Test set: Whole test loss: 0.0339, Prediction loss: 0.0157, Recon loss: 0.0181, Final pred loss: 0.0163, Final recon loss: 604.7722

Run train epoch 194
Train Epoch: 194 [0/750 (0%)]	Loss: 0.053972	Prediction Loss: 0.048573	Recon Loss: 0.005398	Final Pred Loss: 0.055660	Final Recon Loss: 179.947189
Run test epoch 194

Test set: Whole test loss: 0.0339, Prediction loss: 0.0157, Recon loss: 0.0181, Final pred loss: 0.0163, Final recon loss: 604.7722

Run train epoch 195
Train Epoch: 195 [0/750 (0%)]	Loss: 0.040518	Prediction Loss: 0.020186	Recon Loss: 0.020331	Final Pred Loss: 0.013758	Final Recon Loss: 677.705383
Run test epoch 195

Test set: Whole test loss: 0.0338, Prediction loss: 0.0157, Recon loss: 0.0181, Final pred loss: 0.0162, Final recon loss: 604.7722

Run train epoch 196
Train Epoch: 196 [0/750 (0%)]	Loss: 0.044879	Prediction Loss: 0.021368	Recon Loss: 0.023511	Final Pred Loss: 0.014364	Final Recon Loss: 783.711121
Run test epoch 196

Test set: Whole test loss: 0.0338, Prediction loss: 0.0157, Recon loss: 0.0181, Final pred loss: 0.0162, Final recon loss: 604.7722

Run train epoch 197
Train Epoch: 197 [0/750 (0%)]	Loss: 0.046207	Prediction Loss: 0.026929	Recon Loss: 0.019278	Final Pred Loss: 0.026996	Final Recon Loss: 642.606506
Run test epoch 197

Test set: Whole test loss: 0.0338, Prediction loss: 0.0157, Recon loss: 0.0181, Final pred loss: 0.0162, Final recon loss: 604.7722

Run train epoch 198
Train Epoch: 198 [0/750 (0%)]	Loss: 0.046943	Prediction Loss: 0.022803	Recon Loss: 0.024140	Final Pred Loss: 0.020118	Final Recon Loss: 804.652039
Run test epoch 198

Test set: Whole test loss: 0.0338, Prediction loss: 0.0157, Recon loss: 0.0181, Final pred loss: 0.0162, Final recon loss: 604.7722

Run train epoch 199
Train Epoch: 199 [0/750 (0%)]	Loss: 0.007767	Prediction Loss: 0.004649	Recon Loss: 0.003118	Final Pred Loss: 0.002173	Final Recon Loss: 103.921318
Run test epoch 199

Test set: Whole test loss: 0.0338, Prediction loss: 0.0157, Recon loss: 0.0181, Final pred loss: 0.0162, Final recon loss: 604.7722

